C:\Program Files (x86)\MSBuild\Microsoft.Cpp\v4.0\V140\Microsoft.CppBuild.targets(392,5): warning MSB8028: The intermediate directory (x64\Debug\) contains files shared from another project (NativeServer.vcxproj).  This can lead to incorrect clean and rebuild behavior.
  MainActivity.cpp
C:\opencv\build\include\opencv2/core/mat.hpp(2586): warning C4819: The file contains a character that cannot be represented in the current code page (950). Save the file in Unicode format to prevent data loss
C:\opencv\build\include\opencv2/core/persistence.hpp : warning C4819: The file contains a character that cannot be represented in the current code page (950). Save the file in Unicode format to prevent data loss
C:\opencv\build\include\opencv2/core/utility.hpp : warning C4819: The file contains a character that cannot be represented in the current code page (950). Save the file in Unicode format to prevent data loss
C:\opencv\build\include\opencv2/core/utility.hpp : warning C4819: The file contains a character that cannot be represented in the current code page (950). Save the file in Unicode format to prevent data loss
C:\opencv\build\include\opencv2/imgproc.hpp : warning C4819: The file contains a character that cannot be represented in the current code page (950). Save the file in Unicode format to prevent data loss
C:\opencv\build\include\opencv2/imgproc.hpp(592): warning C4819: The file contains a character that cannot be represented in the current code page (950). Save the file in Unicode format to prevent data loss
MainActivity.cpp(454): warning C4244: 'argument': conversion from 'float' to 'int', possible loss of data
MainActivity.cpp(467): warning C4244: 'argument': conversion from 'float' to 'int', possible loss of data
MainActivity.cpp(480): warning C4244: 'argument': conversion from 'float' to 'int', possible loss of data
MainActivity.cpp(481): warning C4244: 'argument': conversion from 'float' to 'int', possible loss of data
MainActivity.cpp(482): warning C4244: 'argument': conversion from 'float' to 'int', possible loss of data
MainActivity.cpp(483): warning C4244: 'argument': conversion from 'float' to 'int', possible loss of data
MainActivity.cpp(517): warning C4244: 'argument': conversion from 'float' to 'int', possible loss of data
MainActivity.cpp(518): warning C4244: 'argument': conversion from 'float' to 'int', possible loss of data
MainActivity.cpp(578): warning C4244: 'argument': conversion from 'float' to 'int', possible loss of data
MainActivity.cpp(587): warning C4244: 'argument': conversion from 'float' to 'int', possible loss of data
MainActivity.cpp(590): warning C4244: 'argument': conversion from 'float' to 'int', possible loss of data
  RobotDrive.cpp
  SocketSender.cpp
SocketSender.cpp(30): warning C4477: 'sprintf_s' : format string '%i' requires an argument of type 'int', but variadic argument 1 has type 'SIZE_T'
  SocketSender.cpp(30): note: consider using '%lli' in the format string
  SocketSender.cpp(30): note: consider using '%Ii' in the format string
  SocketSender.cpp(30): note: consider using '%I64i' in the format string
SocketSender.cpp(53): warning C4267: 'initializing': conversion from 'size_t' to 'int', possible loss of data
  Generating Code...
RobotDrive.obj : error LNK2001: unresolved external symbol "protected: static char * RobotDrive::drivetowhere" (?drivetowhere@RobotDrive@@1PADA)
RobotDrive.obj : error LNK2001: unresolved external symbol "protected: static int RobotDrive::driveunit" (?driveunit@RobotDrive@@1HA)
VotingPID.obj : error LNK2001: unresolved external symbol "protected: static class std::vector<class std::vector<class std::basic_string<char,struct std::char_traits<char>,class std::allocator<char> >,class std::allocator<class std::basic_string<char,struct std::char_traits<char>,class std::allocator<char> > > >,class std::allocator<class std::vector<class std::basic_string<char,struct std::char_traits<char>,class std::allocator<char> >,class std::allocator<class std::basic_string<char,struct std::char_traits<char>,class std::allocator<char> > > > > > VotingPID::myPIDVector" (?myPIDVector@VotingPID@@1V?$vector@V?$vector@V?$basic_string@DU?$char_traits@D@std@@V?$allocator@D@2@@std@@V?$allocator@V?$basic_string@DU?$char_traits@D@std@@V?$allocator@D@2@@std@@@2@@std@@V?$allocator@V?$vector@V?$basic_string@DU?$char_traits@D@std@@V?$allocator@D@2@@std@@V?$allocator@V?$basic_string@DU?$char_traits@D@std@@V?$allocator@D@2@@std@@@2@@std@@@2@@std@@A)
VotingPID.obj : error LNK2001: unresolved external symbol "protected: static class std::basic_string<char,struct std::char_traits<char>,class std::allocator<char> > VotingPID::id" (?id@VotingPID@@1V?$basic_string@DU?$char_traits@D@std@@V?$allocator@D@2@@std@@A)
VotingPID.obj : error LNK2001: unresolved external symbol "protected: static class std::basic_string<char,struct std::char_traits<char>,class std::allocator<char> > * VotingPID::nameVoting" (?nameVoting@VotingPID@@1PAV?$basic_string@DU?$char_traits@D@std@@V?$allocator@D@2@@std@@A)
C:\Users\Richard Yi-Chia TSAI\Desktop\EyeOnYouRobot_Backup01142018\EyeOnYouSensing\x64\Debug\EyeOnYou_Robot_Sensing.exe : fatal error LNK1120: 5 unresolved externals
