C:\Program Files (x86)\MSBuild\Microsoft.Cpp\v4.0\V140\Microsoft.CppBuild.targets(392,5): warning MSB8028: The intermediate directory (x64\Debug\) contains files shared from another project (UserViewer.vcxproj).  This can lead to incorrect clean and rebuild behavior.
  Viewer.cpp
c:\users\richard yi-chia tsai\desktop\hscctsaiandke\eyeonyoudepthcamera\serversocketrunpid.h(6): warning C4005: 'DEFAULT_PORT_STR': macro redefinition
  c:\users\richard yi-chia tsai\desktop\hscctsaiandke\eyeonyoudepthcamera\serversocket.h(6): note: see previous definition of 'DEFAULT_PORT_STR'
c:\users\richard yi-chia tsai\desktop\hscctsaiandke\eyeonyoudepthcamera\viewer.cpp(85): warning C4996: 'strncpy': This function or variable may be unsafe. Consider using strncpy_s instead. To disable deprecation, use _CRT_SECURE_NO_WARNINGS. See online help for details.
  c:\program files (x86)\windows kits\10\include\10.0.10240.0\ucrt\string.h(346): note: see declaration of 'strncpy'
c:\users\richard yi-chia tsai\desktop\hscctsaiandke\eyeonyoudepthcamera\viewer.cpp(170): warning C4996: 'sprintf': This function or variable may be unsafe. Consider using sprintf_s instead. To disable deprecation, use _CRT_SECURE_NO_WARNINGS. See online help for details.
  c:\program files (x86)\windows kits\10\include\10.0.10240.0\ucrt\stdio.h(1769): note: see declaration of 'sprintf'
c:\users\richard yi-chia tsai\desktop\hscctsaiandke\eyeonyoudepthcamera\viewer.cpp(178): warning C4996: 'sprintf': This function or variable may be unsafe. Consider using sprintf_s instead. To disable deprecation, use _CRT_SECURE_NO_WARNINGS. See online help for details.
  c:\program files (x86)\windows kits\10\include\10.0.10240.0\ucrt\stdio.h(1769): note: see declaration of 'sprintf'
c:\users\richard yi-chia tsai\desktop\hscctsaiandke\eyeonyoudepthcamera\viewer.cpp(188): warning C4996: 'sprintf': This function or variable may be unsafe. Consider using sprintf_s instead. To disable deprecation, use _CRT_SECURE_NO_WARNINGS. See online help for details.
  c:\program files (x86)\windows kits\10\include\10.0.10240.0\ucrt\stdio.h(1769): note: see declaration of 'sprintf'
c:\users\richard yi-chia tsai\desktop\hscctsaiandke\eyeonyoudepthcamera\viewer.cpp(191): warning C4996: 'sprintf': This function or variable may be unsafe. Consider using sprintf_s instead. To disable deprecation, use _CRT_SECURE_NO_WARNINGS. See online help for details.
  c:\program files (x86)\windows kits\10\include\10.0.10240.0\ucrt\stdio.h(1769): note: see declaration of 'sprintf'
c:\users\richard yi-chia tsai\desktop\hscctsaiandke\eyeonyoudepthcamera\viewer.cpp(194): warning C4996: 'sprintf': This function or variable may be unsafe. Consider using sprintf_s instead. To disable deprecation, use _CRT_SECURE_NO_WARNINGS. See online help for details.
  c:\program files (x86)\windows kits\10\include\10.0.10240.0\ucrt\stdio.h(1769): note: see declaration of 'sprintf'
c:\users\richard yi-chia tsai\desktop\hscctsaiandke\eyeonyoudepthcamera\viewer.cpp(201): warning C4996: 'sprintf': This function or variable may be unsafe. Consider using sprintf_s instead. To disable deprecation, use _CRT_SECURE_NO_WARNINGS. See online help for details.
  c:\program files (x86)\windows kits\10\include\10.0.10240.0\ucrt\stdio.h(1769): note: see declaration of 'sprintf'
c:\users\richard yi-chia tsai\desktop\hscctsaiandke\eyeonyoudepthcamera\viewer.cpp(234): warning C4996: 'sprintf': This function or variable may be unsafe. Consider using sprintf_s instead. To disable deprecation, use _CRT_SECURE_NO_WARNINGS. See online help for details.
  c:\program files (x86)\windows kits\10\include\10.0.10240.0\ucrt\stdio.h(1769): note: see declaration of 'sprintf'
c:\users\richard yi-chia tsai\desktop\hscctsaiandke\eyeonyoudepthcamera\viewer.cpp(246): warning C4996: 'sprintf': This function or variable may be unsafe. Consider using sprintf_s instead. To disable deprecation, use _CRT_SECURE_NO_WARNINGS. See online help for details.
  c:\program files (x86)\windows kits\10\include\10.0.10240.0\ucrt\stdio.h(1769): note: see declaration of 'sprintf'
c:\users\richard yi-chia tsai\desktop\hscctsaiandke\eyeonyoudepthcamera\viewer.cpp(406): warning C4101: 'y': unreferenced local variable
c:\users\richard yi-chia tsai\desktop\hscctsaiandke\eyeonyoudepthcamera\viewer.cpp(406): warning C4101: 'x': unreferenced local variable
c:\users\richard yi-chia tsai\desktop\hscctsaiandke\eyeonyoudepthcamera\viewer.cpp(516): warning C4477: 'sprintf' : format string '%s' requires an argument of type 'char *', but variadic argument 1 has type 'std::string'
c:\users\richard yi-chia tsai\desktop\hscctsaiandke\eyeonyoudepthcamera\viewer.cpp(516): warning C4477: 'sprintf' : format string '%s' requires an argument of type 'char *', but variadic argument 2 has type 'std::string'
c:\users\richard yi-chia tsai\desktop\hscctsaiandke\eyeonyoudepthcamera\viewer.cpp(516): warning C4996: 'sprintf': This function or variable may be unsafe. Consider using sprintf_s instead. To disable deprecation, use _CRT_SECURE_NO_WARNINGS. See online help for details.
  c:\program files (x86)\windows kits\10\include\10.0.10240.0\ucrt\stdio.h(1769): note: see declaration of 'sprintf'
c:\users\richard yi-chia tsai\desktop\hscctsaiandke\eyeonyoudepthcamera\viewer.cpp(714): warning C4996: 'sprintf': This function or variable may be unsafe. Consider using sprintf_s instead. To disable deprecation, use _CRT_SECURE_NO_WARNINGS. See online help for details.
  c:\program files (x86)\windows kits\10\include\10.0.10240.0\ucrt\stdio.h(1769): note: see declaration of 'sprintf'
  UserViewer.vcxproj -> C:\Users\Richard Yi-Chia TSAI\Desktop\hscctsaiandke\EyeOnYouDepthCamera\x64\Debug\EyeOnYouSensing.exe
  UserViewer.vcxproj -> C:\Users\Richard Yi-Chia TSAI\Desktop\hscctsaiandke\EyeOnYouDepthCamera\x64\Debug\EyeOnYouSensing.pdb (Full PDB)
  已複製 0 個檔案
  已複製 0 個檔案
  已複製 0 個檔案
